[0m07:25:49.863034 [debug] [MainThread]: Sending event: {'category': 'dbt', 'action': 'invocation', 'label': 'start', 'context': [<snowplow_tracker.self_describing_json.SelfDescribingJson object at 0x000001AE57416660>, <snowplow_tracker.self_describing_json.SelfDescribingJson object at 0x000001AE5AE36750>, <snowplow_tracker.self_describing_json.SelfDescribingJson object at 0x000001AE5AE35100>]}


============================== 07:25:49.877754 | 0ec61753-d67d-4d55-895e-511f03aa0738 ==============================
[0m07:25:49.877754 [info ] [MainThread]: Running with dbt=1.8.2
[0m07:25:49.880703 [debug] [MainThread]: running dbt with arguments {'printer_width': '80', 'indirect_selection': 'eager', 'log_cache_events': 'False', 'write_json': 'True', 'partial_parse': 'True', 'cache_selected_only': 'False', 'warn_error': 'None', 'version_check': 'True', 'debug': 'False', 'log_path': 'logs', 'fail_fast': 'False', 'profiles_dir': '../', 'use_colors': 'True', 'use_experimental_parser': 'False', 'no_print': 'None', 'quiet': 'False', 'log_format': 'default', 'introspect': 'True', 'invocation_command': 'dbt init', 'static_parser': 'True', 'target_path': 'None', 'warn_error_options': 'WarnErrorOptions(include=[], exclude=[])', 'send_anonymous_usage_stats': 'True'}
[0m07:25:56.869780 [debug] [MainThread]: Starter project path: C:\Users\danie\workspaces\elt_duckdb\elt_com_duckdb\.venv\Lib\site-packages\dbt\include\starter_project
[0m07:25:56.949546 [info ] [MainThread]: 
Your new dbt project "dw" was created!

For more information on how to configure the profiles.yml file,
please consult the dbt documentation here:

  https://docs.getdbt.com/docs/configure-your-profile

One more thing:

Need help? Don't hesitate to reach out to us via GitHub issues or on Slack:

  https://community.getdbt.com/

Happy modeling!

[0m07:25:56.954941 [info ] [MainThread]: Setting up your profile.
[0m07:27:01.143521 [info ] [MainThread]: Profile dw written to ..\profiles.yml using target's profile_template.yml and your supplied values. Run 'dbt debug' to validate the connection.
[0m07:27:01.147532 [debug] [MainThread]: Command `dbt init` succeeded at 07:27:01.147532 after 71.57 seconds
[0m07:27:01.149525 [debug] [MainThread]: Sending event: {'category': 'dbt', 'action': 'invocation', 'label': 'end', 'context': [<snowplow_tracker.self_describing_json.SelfDescribingJson object at 0x000001AE57416660>, <snowplow_tracker.self_describing_json.SelfDescribingJson object at 0x000001AE5A9523C0>, <snowplow_tracker.self_describing_json.SelfDescribingJson object at 0x000001AE5B553020>]}
[0m07:27:01.151529 [debug] [MainThread]: Flushing usage events
[0m07:27:35.841465 [debug] [MainThread]: Sending event: {'category': 'dbt', 'action': 'invocation', 'label': 'start', 'context': [<snowplow_tracker.self_describing_json.SelfDescribingJson object at 0x00000178C29647A0>, <snowplow_tracker.self_describing_json.SelfDescribingJson object at 0x00000178C29649B0>, <snowplow_tracker.self_describing_json.SelfDescribingJson object at 0x00000178C2734E90>]}


============================== 07:27:35.850422 | f0df060a-1753-4fb5-abe6-fa4d11a72c71 ==============================
[0m07:27:35.850422 [info ] [MainThread]: Running with dbt=1.8.2
[0m07:27:35.852420 [debug] [MainThread]: running dbt with arguments {'printer_width': '80', 'indirect_selection': 'eager', 'write_json': 'True', 'log_cache_events': 'False', 'partial_parse': 'True', 'cache_selected_only': 'False', 'warn_error': 'None', 'fail_fast': 'False', 'version_check': 'True', 'log_path': 'logs', 'profiles_dir': '../', 'debug': 'False', 'use_colors': 'True', 'use_experimental_parser': 'False', 'no_print': 'None', 'quiet': 'False', 'warn_error_options': 'WarnErrorOptions(include=[], exclude=[])', 'invocation_command': 'dbt debug', 'static_parser': 'True', 'log_format': 'default', 'target_path': 'None', 'introspect': 'True', 'send_anonymous_usage_stats': 'True'}
[0m07:27:35.919787 [info ] [MainThread]: dbt version: 1.8.2
[0m07:27:35.922789 [info ] [MainThread]: python version: 3.12.1
[0m07:27:35.924789 [info ] [MainThread]: python path: C:\Users\danie\workspaces\elt_duckdb\elt_com_duckdb\.venv\Scripts\python.exe
[0m07:27:35.926783 [info ] [MainThread]: os info: Windows-11-10.0.22631-SP0
[0m07:27:35.928788 [info ] [MainThread]: Using profiles dir at ../
[0m07:27:35.930791 [info ] [MainThread]: Using profiles.yml file at ../profiles.yml
[0m07:27:35.934900 [info ] [MainThread]: Using dbt_project.yml file at C:\Users\danie\workspaces\elt_duckdb\elt_com_duckdb\dbt_project.yml
[0m07:27:35.938953 [info ] [MainThread]: Configuration:
[0m07:27:35.940973 [info ] [MainThread]:   profiles.yml file [[31mERROR not found[0m]
[0m07:27:35.943977 [info ] [MainThread]:   dbt_project.yml file [[31mERROR not found[0m]
[0m07:27:35.946973 [info ] [MainThread]: Required dependencies:
[0m07:27:35.949019 [debug] [MainThread]: Executing "git --help"
[0m07:27:36.114655 [debug] [MainThread]: STDOUT: "b"usage: git [-v | --version] [-h | --help] [-C <path>] [-c <name>=<value>]\n           [--exec-path[=<path>]] [--html-path] [--man-path] [--info-path]\n           [-p | --paginate | -P | --no-pager] [--no-replace-objects] [--bare]\n           [--git-dir=<path>] [--work-tree=<path>] [--namespace=<name>]\n           [--config-env=<name>=<envvar>] <command> [<args>]\n\nThese are common Git commands used in various situations:\n\nstart a working area (see also: git help tutorial)\n   clone     Clone a repository into a new directory\n   init      Create an empty Git repository or reinitialize an existing one\n\nwork on the current change (see also: git help everyday)\n   add       Add file contents to the index\n   mv        Move or rename a file, a directory, or a symlink\n   restore   Restore working tree files\n   rm        Remove files from the working tree and from the index\n\nexamine the history and state (see also: git help revisions)\n   bisect    Use binary search to find the commit that introduced a bug\n   diff      Show changes between commits, commit and working tree, etc\n   grep      Print lines matching a pattern\n   log       Show commit logs\n   show      Show various types of objects\n   status    Show the working tree status\n\ngrow, mark and tweak your common history\n   branch    List, create, or delete branches\n   commit    Record changes to the repository\n   merge     Join two or more development histories together\n   rebase    Reapply commits on top of another base tip\n   reset     Reset current HEAD to the specified state\n   switch    Switch branches\n   tag       Create, list, delete or verify a tag object signed with GPG\n\ncollaborate (see also: git help workflows)\n   fetch     Download objects and refs from another repository\n   pull      Fetch from and integrate with another repository or a local branch\n   push      Update remote refs along with associated objects\n\n'git help -a' and 'git help -g' list available subcommands and some\nconcept guides. See 'git help <command>' or 'git help <concept>'\nto read about a specific subcommand or concept.\nSee 'git help git' for an overview of the system.\n""
[0m07:27:36.116662 [debug] [MainThread]: STDERR: "b''"
[0m07:27:36.117658 [info ] [MainThread]:  - git [[32mOK found[0m]

[0m07:27:36.120649 [info ] [MainThread]: Connection test skipped since no profile was found
[0m07:27:36.121649 [info ] [MainThread]: [31m2 checks failed:[0m
[0m07:27:36.122706 [info ] [MainThread]: dbt looked for a profiles.yml file in ../profiles.yml, but did
not find one. For more information on configuring your profile, consult the
documentation:

https://docs.getdbt.com/docs/configure-your-profile


[0m07:27:36.124020 [info ] [MainThread]: Project loading failed for the following reason:
 project path <C:\Users\danie\workspaces\elt_duckdb\elt_com_duckdb\dbt_project.yml> not found

[0m07:27:36.126035 [debug] [MainThread]: Command `dbt debug` failed at 07:27:36.125075 after 0.49 seconds
[0m07:27:36.126035 [debug] [MainThread]: Sending event: {'category': 'dbt', 'action': 'invocation', 'label': 'end', 'context': [<snowplow_tracker.self_describing_json.SelfDescribingJson object at 0x00000178C3184890>, <snowplow_tracker.self_describing_json.SelfDescribingJson object at 0x00000178C352FC50>, <snowplow_tracker.self_describing_json.SelfDescribingJson object at 0x00000178C35C1AF0>]}
[0m07:27:36.127034 [debug] [MainThread]: Flushing usage events
[0m07:28:29.599024 [debug] [MainThread]: Sending event: {'category': 'dbt', 'action': 'invocation', 'label': 'start', 'context': [<snowplow_tracker.self_describing_json.SelfDescribingJson object at 0x0000019E11781A60>, <snowplow_tracker.self_describing_json.SelfDescribingJson object at 0x0000019E11783A70>, <snowplow_tracker.self_describing_json.SelfDescribingJson object at 0x0000019E0E647D40>]}


============================== 07:28:29.610138 | 4172b091-609b-483e-bc6c-9b86bbae90a5 ==============================
[0m07:28:29.610138 [info ] [MainThread]: Running with dbt=1.8.2
[0m07:28:29.613022 [debug] [MainThread]: running dbt with arguments {'printer_width': '80', 'indirect_selection': 'eager', 'write_json': 'True', 'log_cache_events': 'False', 'partial_parse': 'True', 'cache_selected_only': 'False', 'warn_error': 'None', 'fail_fast': 'False', 'version_check': 'True', 'log_path': 'C:\\Users\\danie\\workspaces\\elt_duckdb\\elt_com_duckdb\\logs', 'debug': 'False', 'profiles_dir': '../', 'use_colors': 'True', 'use_experimental_parser': 'False', 'no_print': 'None', 'quiet': 'False', 'warn_error_options': 'WarnErrorOptions(include=[], exclude=[])', 'static_parser': 'True', 'introspect': 'True', 'log_format': 'default', 'target_path': 'None', 'invocation_command': 'dbt debug', 'send_anonymous_usage_stats': 'True'}
[0m07:28:29.684672 [info ] [MainThread]: dbt version: 1.8.2
[0m07:28:29.686574 [info ] [MainThread]: python version: 3.12.1
[0m07:28:29.687575 [info ] [MainThread]: python path: C:\Users\danie\workspaces\elt_duckdb\elt_com_duckdb\.venv\Scripts\python.exe
[0m07:28:29.690582 [info ] [MainThread]: os info: Windows-11-10.0.22631-SP0
[0m07:28:29.692578 [info ] [MainThread]: Using profiles dir at ../
[0m07:28:29.694572 [info ] [MainThread]: Using profiles.yml file at ../profiles.yml
[0m07:28:29.696571 [info ] [MainThread]: Using dbt_project.yml file at C:\Users\danie\workspaces\elt_duckdb\elt_com_duckdb\dbt_project.yml
[0m07:28:29.894603 [info ] [MainThread]: Configuration:
[0m07:28:29.896604 [info ] [MainThread]:   profiles.yml file [[31mERROR not found[0m]
[0m07:28:29.898604 [info ] [MainThread]:   dbt_project.yml file [[32mOK found and valid[0m]
[0m07:28:29.900604 [info ] [MainThread]: Required dependencies:
[0m07:28:29.902601 [debug] [MainThread]: Executing "git --help"
[0m07:28:30.093194 [debug] [MainThread]: STDOUT: "b"usage: git [-v | --version] [-h | --help] [-C <path>] [-c <name>=<value>]\n           [--exec-path[=<path>]] [--html-path] [--man-path] [--info-path]\n           [-p | --paginate | -P | --no-pager] [--no-replace-objects] [--bare]\n           [--git-dir=<path>] [--work-tree=<path>] [--namespace=<name>]\n           [--config-env=<name>=<envvar>] <command> [<args>]\n\nThese are common Git commands used in various situations:\n\nstart a working area (see also: git help tutorial)\n   clone     Clone a repository into a new directory\n   init      Create an empty Git repository or reinitialize an existing one\n\nwork on the current change (see also: git help everyday)\n   add       Add file contents to the index\n   mv        Move or rename a file, a directory, or a symlink\n   restore   Restore working tree files\n   rm        Remove files from the working tree and from the index\n\nexamine the history and state (see also: git help revisions)\n   bisect    Use binary search to find the commit that introduced a bug\n   diff      Show changes between commits, commit and working tree, etc\n   grep      Print lines matching a pattern\n   log       Show commit logs\n   show      Show various types of objects\n   status    Show the working tree status\n\ngrow, mark and tweak your common history\n   branch    List, create, or delete branches\n   commit    Record changes to the repository\n   merge     Join two or more development histories together\n   rebase    Reapply commits on top of another base tip\n   reset     Reset current HEAD to the specified state\n   switch    Switch branches\n   tag       Create, list, delete or verify a tag object signed with GPG\n\ncollaborate (see also: git help workflows)\n   fetch     Download objects and refs from another repository\n   pull      Fetch from and integrate with another repository or a local branch\n   push      Update remote refs along with associated objects\n\n'git help -a' and 'git help -g' list available subcommands and some\nconcept guides. See 'git help <command>' or 'git help <concept>'\nto read about a specific subcommand or concept.\nSee 'git help git' for an overview of the system.\n""
[0m07:28:30.094194 [debug] [MainThread]: STDERR: "b''"
[0m07:28:30.094701 [info ] [MainThread]:  - git [[32mOK found[0m]

[0m07:28:30.096712 [info ] [MainThread]: Connection test skipped since no profile was found
[0m07:28:30.098711 [info ] [MainThread]: [31m1 check failed:[0m
[0m07:28:30.099712 [info ] [MainThread]: dbt looked for a profiles.yml file in ../profiles.yml, but did
not find one. For more information on configuring your profile, consult the
documentation:

https://docs.getdbt.com/docs/configure-your-profile


[0m07:28:30.104531 [debug] [MainThread]: Command `dbt debug` failed at 07:28:30.104003 after 0.74 seconds
[0m07:28:30.106156 [debug] [MainThread]: Sending event: {'category': 'dbt', 'action': 'invocation', 'label': 'end', 'context': [<snowplow_tracker.self_describing_json.SelfDescribingJson object at 0x0000019E1207EC90>, <snowplow_tracker.self_describing_json.SelfDescribingJson object at 0x0000019E115AD520>, <snowplow_tracker.self_describing_json.SelfDescribingJson object at 0x0000019E12050C20>]}
[0m07:28:30.107232 [debug] [MainThread]: Flushing usage events
